<?xml version="1.0" encoding="UTF-8"?>
<!-- Generated by org.testng.reporters.JUnitXMLReporter -->
<testsuite ignored="4" hostname="DESKTOP-FR6LSOP" failures="0" tests="2" name="GroupinTest" time="0.106" errors="0" timestamp="2026-03-06T13:06:33 IST">
  <testcase classname="Grouping.Logintest" name="loginInsta" time="0.015"/>
  <testcase classname="Grouping.Logintest" name="Facebook" time="0.002"/>
  <testcase classname="Grouping.TestGroupDemo1" name="dollerpayment" time="0.0">
    <ignored/>
  </testcase> <!-- dollerpayment -->
  <testcase classname="Grouping.TestGroupDemo1" name="payment" time="0.0">
    <ignored/>
  </testcase> <!-- payment -->
  <testcase classname="Grouping.signeuptest" name="facebooksignup" time="0.0">
    <ignored/>
  </testcase> <!-- facebooksignup -->
  <testcase classname="Grouping.signeuptest" name="instasignup" time="0.0">
    <ignored/>
  </testcase> <!-- instasignup -->
</testsuite> <!-- GroupinTest -->
