<?xml version="1.0" encoding="UTF-8"?>
<!-- Generated by org.testng.reporters.JUnitXMLReporter -->
<testsuite ignored="1" hostname="DESKTOP-FR6LSOP" failures="0" tests="2" name="Default test(failed)" time="12.126" errors="0" timestamp="2026-03-05T15:04:38 IST">
  <testcase classname="Day1.Demo1_TestNG" name="applicationLogoTest" time="11.837"/>
  <testcase classname="Day1.Demo1_TestNG" name="loginApp" time="0.225"/>
  <testcase classname="Day1.Demo1_TestNG" name="logoutApp" time="0.0">
    <ignored/>
  </testcase> <!-- logoutApp -->
</testsuite> <!-- Default test(failed) -->
