<?xml version="1.0" encoding="UTF-8"?>
<!-- Generated by org.testng.reporters.JUnitXMLReporter -->
<testsuite ignored="0" hostname="DESKTOP-FR6LSOP" failures="0" tests="6" name="MyFirstTest" time="24.065" errors="0" timestamp="2026-03-08T19:49:27 IST">
  <testcase classname="Day1.Demo1_TestNG" name="applicationLogoTest" time="23.52"/>
  <testcase classname="Day1.Demo1_TestNG" name="loginApp" time="0.355"/>
  <testcase classname="Day1.Demo1_TestNG" name="logoutApp" time="0.015"/>
  <testcase classname="Day1.Demo2" name="checkApp" time="0.006"/>
  <testcase classname="Day1.Demo2" name="logoutapp" time="0.009"/>
  <testcase classname="Day1.Demo2" name="viewApp" time="0.008"/>
</testsuite> <!-- MyFirstTest -->
