<?xml version="1.0" encoding="UTF-8"?>
<!-- Generated by org.testng.reporters.JUnitXMLReporter -->
<testsuite ignored="0" hostname="DESKTOP-FR6LSOP" failures="1" tests="1" name="assert test" time="0.093" errors="0" timestamp="2026-03-06T10:09:28 IST">
  <testcase classname="AssertionDemo.Demo1" name="checkValidation" time="0.024">
    <failure type="java.lang.AssertionError" message="expected [ROhit] but found [Rohan]">
      <![CDATA[java.lang.AssertionError: expected [ROhit] but found [Rohan]
at AssertionDemo.Demo1.checkValidation(Demo1.java:23)
at java.base/java.util.ArrayList.forEach(ArrayList.java:1597)
... Removed 31 stack frames]]>
    </failure>
  </testcase> <!-- checkValidation -->
</testsuite> <!-- assert test -->
