<?xml version="1.0" encoding="UTF-8"?>
<!-- Generated by org.testng.reporters.JUnitReportReporter -->
<testsuite hostname="DESKTOP-FR6LSOP" failures="0" tests="3" name="Day1.Demo1_TestNG" time="23.890" errors="0" timestamp="2026-03-08T19:49:28 IST" skipped="0">
  <testcase classname="Day1.Demo1_TestNG" name="applicationLogoTest" time="23.520"/>
  <testcase classname="Day1.Demo1_TestNG" name="loginApp" time="0.355"/>
  <testcase classname="Day1.Demo1_TestNG" name="logoutApp" time="0.015"/>
</testsuite> <!-- Day1.Demo1_TestNG -->
