<?xml version="1.0" encoding="UTF-8"?>
<!-- Generated by org.testng.reporters.JUnitReportReporter -->
<testsuite hostname="DESKTOP-FR6LSOP" failures="0" tests="4" name="DataProvideDemo.Datapro" time="31.260" errors="0" timestamp="2026-03-06T16:59:57 IST" skipped="0">
  <testcase classname="DataProvideDemo.Datapro" name="loginTest" time="6.216"/>
  <testcase classname="DataProvideDemo.Datapro" name="loginTest" time="6.589"/>
  <testcase classname="DataProvideDemo.Datapro" name="loginTest" time="9.125"/>
  <testcase classname="DataProvideDemo.Datapro" name="loginTest" time="9.330"/>
</testsuite> <!-- DataProvideDemo.Datapro -->
