<?xml version="1.0" encoding="UTF-8"?>
<!-- Generated by org.testng.reporters.JUnitXMLReporter -->
<testsuite ignored="0" hostname="DESKTOP-FR6LSOP" failures="1" tests="2" name="Listener Test" time="29.837" errors="0" timestamp="2026-03-08T11:00:23 IST">
  <testcase classname="ListenersDemo.IntroduceWebPage" name="Homepage" time="5.061"/>
  <testcase classname="ListenersDemo.IntroduceWebPage" name="logoTest" time="0.062">
    <failure type="junit.framework.AssertionFailedError">
      <![CDATA[junit.framework.AssertionFailedError
at junit.framework.Assert.fail(Assert.java:47)
at junit.framework.Assert.assertTrue(Assert.java:20)
at junit.framework.Assert.assertTrue(Assert.java:27)
at ListenersDemo.IntroduceWebPage.logoTest(IntroduceWebPage.java:38)
at java.base/java.util.ArrayList.forEach(ArrayList.java:1597)
... Removed 25 stack frames]]>
    </failure>
  </testcase> <!-- logoTest -->
</testsuite> <!-- Listener Test -->
